\BOOKMARK [1][-]{section.1}{\376\377\000I\000n\000t\000r\000o\000d\000u\000c\000t\000i\000o\000n}{}% 1
\BOOKMARK [1][-]{section.2}{\376\377\000B\000a\000c\000k\000g\000r\000o\000u\000n\000d\000:\000\040\000M\000a\000c\000h\000i\000n\000e\000\040\000E\000t\000h\000i\000c\000s\000\040\000a\000n\000d\000\040\000V\000a\000l\000u\000e\000-\000L\000a\000d\000e\000n\000\040\000O\000p\000t\000i\000m\000i\000z\000a\000t\000i\000o\000n}{}% 2
\BOOKMARK [1][-]{section.3}{\376\377\000E\000m\000p\000l\000o\000y\000e\000d\000\040\000T\000e\000c\000h\000n\000o\000l\000o\000g\000i\000e\000s}{}% 3
\BOOKMARK [2][-]{subsection.3.1}{\376\377\000P\000y\000t\000h\000o\000n\000\040\000a\000n\000d\000\040\000t\000h\000e\000\040\000s\000c\000i\000e\000n\000t\000i\000f\000i\000c\000\040\000s\000t\000a\000c\000k}{section.3}% 4
\BOOKMARK [2][-]{subsection.3.2}{\376\377\000T\000h\000e\000\040\000I\000S\000T\000A\000T\000\040\000S\000D\000M\000X\000\040\000A\000P\000I}{section.3}% 5
\BOOKMARK [2][-]{subsection.3.3}{\376\377\000E\000l\000e\000c\000t\000r\000o\000n\000\040\000+\000\040\000R\000e\000a\000c\000t\000\040\000c\000o\000n\000t\000r\000o\000l\000-\000r\000o\000o\000m\000\040\000U\000I}{section.3}% 6
\BOOKMARK [2][-]{subsection.3.4}{\376\377\000P\000y\000t\000e\000s\000t}{section.3}% 7
\BOOKMARK [1][-]{section.4}{\376\377\000T\000h\000e\000\040\000S\000y\000s\000t\000e\000m}{}% 8
\BOOKMARK [2][-]{subsection.4.1}{\376\377\000P\000r\000o\000j\000e\000c\000t\000\040\000s\000t\000r\000u\000c\000t\000u\000r\000e}{section.4}% 9
\BOOKMARK [2][-]{subsection.4.2}{\376\377\000T\000h\000e\000\040\000d\000a\000t\000a\000\040\000p\000i\000p\000e\000l\000i\000n\000e\000\040\000a\000n\000d\000\040\000i\000t\000s\000\040\000e\000t\000h\000i\000c\000a\000l\000\040\000c\000a\000v\000e\000a\000t\000s}{section.4}% 10
\BOOKMARK [2][-]{subsection.4.3}{\376\377\000T\000h\000e\000\040\000d\000i\000g\000i\000t\000a\000l\000\040\000t\000w\000i\000n}{section.4}% 11
\BOOKMARK [2][-]{subsection.4.4}{\376\377\000W\000h\000a\000t\000\040\000t\000h\000e\000\040\000d\000a\000t\000a\000\040\000s\000u\000p\000p\000o\000r\000t\000s\000:\000\040\000e\000s\000t\000i\000m\000a\000t\000i\000n\000g\000\040\000t\000h\000e\000\040\000t\000w\000i\000n\000'\000s\000\040\000s\000t\000r\000u\000c\000t\000u\000r\000e}{section.4}% 12
\BOOKMARK [2][-]{subsection.4.5}{\376\377\000P\000o\000l\000i\000c\000y\000\040\000l\000e\000v\000e\000r\000s\000\040\000a\000n\000d\000\040\000t\000h\000e\000\040\000b\000u\000d\000g\000e\000t\000\040\000c\000o\000n\000s\000t\000r\000a\000i\000n\000t}{section.4}% 13
\BOOKMARK [2][-]{subsection.4.6}{\376\377\000T\000h\000e\000\040\000r\000o\000l\000l\000o\000u\000t\000\040\000e\000n\000v\000i\000r\000o\000n\000m\000e\000n\000t}{section.4}% 14
\BOOKMARK [2][-]{subsection.4.7}{\376\377\000T\000h\000e\000\040\000c\000o\000n\000t\000r\000o\000l\000-\000r\000o\000o\000m\000\040\000U\000I}{section.4}% 15
\BOOKMARK [1][-]{section.5}{\376\377\000T\000h\000e\000o\000r\000e\000t\000i\000c\000a\000l\000\040\000A\000n\000a\000l\000y\000s\000i\000s}{}% 16
\BOOKMARK [2][-]{subsection.5.1}{\376\377\000U\000t\000i\000l\000i\000t\000a\000r\000i\000a\000n\000i\000s\000m\000\040\040\024\000\040\000t\000h\000e\000\040\000p\000h\000i\000l\000o\000s\000o\000p\000h\000i\000c\000a\000l\000\040\000v\000i\000e\000w}{section.5}% 17
\BOOKMARK [2][-]{subsection.5.2}{\376\377\000U\000t\000i\000l\000i\000t\000a\000r\000i\000a\000n\000i\000s\000m\000\040\040\024\000\040\000t\000h\000e\000\040\000i\000m\000p\000l\000e\000m\000e\000n\000t\000a\000t\000i\000o\000n}{section.5}% 18
\BOOKMARK [2][-]{subsection.5.3}{\376\377\000J\000u\000s\000t\000i\000c\000e\000\040\000a\000s\000\040\000F\000a\000i\000r\000n\000e\000s\000s\000\040\040\024\000\040\000t\000h\000e\000\040\000p\000h\000i\000l\000o\000s\000o\000p\000h\000i\000c\000a\000l\000\040\000v\000i\000e\000w}{section.5}% 19
\BOOKMARK [2][-]{subsection.5.4}{\376\377\000R\000a\000w\000l\000s\000i\000a\000n\000\040\000j\000u\000s\000t\000i\000c\000e\000\040\040\024\000\040\000t\000h\000e\000\040\000i\000m\000p\000l\000e\000m\000e\000n\000t\000a\000t\000i\000o\000n}{section.5}% 20
\BOOKMARK [2][-]{subsection.5.5}{\376\377\000E\000g\000a\000l\000i\000t\000a\000r\000i\000a\000n\000i\000s\000m\000\040\040\024\000\040\000t\000h\000e\000\040\000p\000h\000i\000l\000o\000s\000o\000p\000h\000i\000c\000a\000l\000\040\000v\000i\000e\000w}{section.5}% 21
\BOOKMARK [2][-]{subsection.5.6}{\376\377\000E\000g\000a\000l\000i\000t\000a\000r\000i\000a\000n\000i\000s\000m\000\040\040\024\000\040\000t\000h\000e\000\040\000i\000m\000p\000l\000e\000m\000e\000n\000t\000a\000t\000i\000o\000n}{section.5}% 22
\BOOKMARK [2][-]{subsection.5.7}{\376\377\000B\000e\000y\000o\000n\000d\000\040\000G\000D\000P\000:\000\040\000m\000u\000l\000t\000i\000-\000d\000i\000m\000e\000n\000s\000i\000o\000n\000a\000l\000\040\000w\000e\000l\000l\000b\000e\000i\000n\000g\000\040\040\024\000\040\000t\000h\000e\000\040\000p\000h\000i\000l\000o\000s\000o\000p\000h\000i\000c\000a\000l\000\040\000v\000i\000e\000w}{section.5}% 23
\BOOKMARK [2][-]{subsection.5.8}{\376\377\000M\000u\000l\000t\000i\000-\000o\000b\000j\000e\000c\000t\000i\000v\000e\000\040\000w\000e\000l\000l\000b\000e\000i\000n\000g\000\040\040\024\000\040\000t\000h\000e\000\040\000i\000m\000p\000l\000e\000m\000e\000n\000t\000a\000t\000i\000o\000n}{section.5}% 24
\BOOKMARK [2][-]{subsection.5.9}{\376\377\000T\000h\000r\000e\000e\000\040\000f\000u\000r\000t\000h\000e\000r\000\040\000o\000b\000j\000e\000c\000t\000i\000v\000e\000s\000:\000\040\000a\000\040\000s\000m\000o\000o\000t\000h\000e\000d\000\040\000m\000a\000x\000i\000m\000i\000n\000\040\000a\000n\000d\000\040\000t\000w\000o\000\040\000p\000a\000r\000a\000m\000e\000t\000e\000r\000i\000z\000e\000d\000\040\000f\000a\000m\000i\000l\000i\000e\000s}{section.5}% 25
\BOOKMARK [2][-]{subsection.5.10}{\376\377\000F\000r\000o\000m\000\040\000a\000\040\000d\000r\000o\000p\000d\000o\000w\000n\000\040\000t\000o\000\040\000a\000\040\000f\000r\000o\000n\000t\000i\000e\000r\000:\000\040\000t\000h\000e\000\040\000N\000S\000G\000A\000-\000I\000I\000\040\000P\000a\000r\000e\000t\000o\000\040\000s\000e\000a\000r\000c\000h}{section.5}% 26
\BOOKMARK [1][-]{section.6}{\376\377\000T\000h\000e\000\040\000P\000o\000l\000i\000c\000y\000-\000M\000o\000d\000e\000l\000\040\000S\000p\000e\000c\000t\000r\000u\000m}{}% 27
\BOOKMARK [2][-]{subsection.6.1}{\376\377\000B\000a\000s\000e\000l\000i\000n\000e}{section.6}% 28
\BOOKMARK [2][-]{subsection.6.2}{\376\377\000N\000e\000u\000r\000a\000l\000\040\000p\000o\000l\000i\000c\000y\000\040\000\050\000b\000l\000a\000c\000k\000\040\000b\000o\000x\000\051}{section.6}% 29
\BOOKMARK [2][-]{subsection.6.3}{\376\377\000L\000i\000n\000e\000a\000r\000\040\000p\000o\000l\000i\000c\000y\000\040\000\050\000w\000h\000i\000t\000e\000\040\000b\000o\000x\000\051}{section.6}% 30
\BOOKMARK [2][-]{subsection.6.4}{\376\377\000R\000u\000l\000e\000\040\000l\000i\000s\000t\000\040\000\050\000w\000h\000i\000t\000e\000\040\000b\000o\000x\000\051}{section.6}% 31
\BOOKMARK [2][-]{subsection.6.5}{\376\377\000R\000e\000g\000i\000o\000n\000a\000l\000\040\000c\000l\000u\000s\000t\000e\000r\000s\000\040\000\050\000w\000h\000i\000t\000e\000\040\000b\000o\000x\000\051}{section.6}% 32
\BOOKMARK [2][-]{subsection.6.6}{\376\377\000U\000n\000i\000f\000o\000r\000m\000\040\000n\000a\000t\000i\000o\000n\000a\000l\000\040\000p\000o\000l\000i\000c\000y\000\040\040\024\000\040\000C\000E\000M\000\040\000a\000n\000d\000\040\000B\000a\000y\000e\000s\000i\000a\000n\000\040\000\050\000w\000h\000i\000t\000e\000/\000g\000r\000a\000y\000\040\000b\000o\000x\000\051}{section.6}% 33
\BOOKMARK [2][-]{subsection.6.7}{\376\377\000B\000l\000e\000n\000d\000e\000d\000\040\000i\000n\000t\000e\000r\000v\000e\000n\000t\000i\000o\000n\000s}{section.6}% 34
\BOOKMARK [1][-]{section.7}{\376\377\000E\000x\000p\000l\000a\000i\000n\000a\000b\000i\000l\000i\000t\000y\000\040\000a\000s\000\040\000a\000n\000\040\000E\000t\000h\000i\000c\000a\000l\000\040\000D\000e\000s\000i\000g\000n\000\040\000A\000x\000i\000s}{}% 35
\BOOKMARK [1][-]{section.8}{\376\377\000H\000u\000m\000a\000n\000\040\000O\000v\000e\000r\000s\000i\000g\000h\000t\000\040\000a\000n\000d\000\040\000H\000o\000n\000e\000s\000t\000y\000\040\000a\000b\000o\000u\000t\000\040\000U\000n\000c\000e\000r\000t\000a\000i\000n\000t\000y}{}% 36
\BOOKMARK [2][-]{subsection.8.1}{\376\377\000C\000a\000n\000d\000i\000d\000a\000t\000e\000s\000,\000\040\000n\000o\000t\000\040\000c\000o\000m\000m\000a\000n\000d\000s}{section.8}% 37
\BOOKMARK [2][-]{subsection.8.2}{\376\377\000H\000o\000n\000e\000s\000t\000y\000\040\000a\000b\000o\000u\000t\000\040\000u\000n\000c\000e\000r\000t\000a\000i\000n\000t\000y}{section.8}% 38
\BOOKMARK [2][-]{subsection.8.3}{\376\377\000D\000o\000c\000u\000m\000e\000n\000t\000a\000t\000i\000o\000n\000\040\000a\000s\000\040\000a\000n\000\040\000e\000t\000h\000i\000c\000a\000l\000\040\000d\000e\000l\000i\000v\000e\000r\000a\000b\000l\000e}{section.8}% 39
\BOOKMARK [2][-]{subsection.8.4}{\376\377\000E\000U\000\040\000A\000I\000\040\000A\000c\000t\000\040\000p\000o\000s\000i\000t\000i\000o\000n\000i\000n\000g}{section.8}% 40
\BOOKMARK [1][-]{section.9}{\376\377\000E\000x\000p\000e\000r\000i\000m\000e\000n\000t\000a\000l\000\040\000C\000o\000m\000p\000a\000r\000i\000s\000o\000n\000\040\000o\000f\000\040\000t\000h\000e\000\040\000E\000t\000h\000i\000c\000a\000l\000\040\000F\000r\000a\000m\000e\000w\000o\000r\000k\000s}{}% 41
\BOOKMARK [2][-]{subsection.9.1}{\376\377\000E\000x\000p\000e\000r\000i\000m\000e\000n\000t\000a\000l\000\040\000s\000e\000t\000u\000p}{section.9}% 42
\BOOKMARK [2][-]{subsection.9.2}{\376\377\000H\000e\000a\000d\000l\000i\000n\000e\000\040\000o\000u\000t\000c\000o\000m\000e\000s}{section.9}% 43
\BOOKMARK [2][-]{subsection.9.3}{\376\377\000W\000h\000o\000\040\000g\000a\000i\000n\000s\000,\000\040\000w\000h\000o\000\040\000l\000o\000s\000e\000s}{section.9}% 44
\BOOKMARK [2][-]{subsection.9.4}{\376\377\000T\000h\000e\000\040\000e\000f\000f\000i\000c\000i\000e\000n\000c\000y\040\023\000e\000q\000u\000i\000t\000y\000\040\000f\000r\000o\000n\000t\000i\000e\000r}{section.9}% 45
\BOOKMARK [2][-]{subsection.9.5}{\376\377\000T\000h\000e\000\040\000f\000r\000o\000n\000t\000i\000e\000r\000\040\000r\000e\000t\000u\000r\000n\000s\000\040\000o\000n\000c\000e\000\040\000p\000o\000l\000i\000c\000y\000\040\000c\000a\000n\000\040\000t\000a\000r\000g\000e\000t\000:\000\040\000t\000h\000e\000\040\000c\000l\000u\000s\000t\000e\000r\000e\000d\000\040\000s\000e\000a\000r\000c\000h}{section.9}% 46
\BOOKMARK [2][-]{subsection.9.6}{\376\377\000R\000e\000a\000d\000i\000n\000g\000\040\000t\000h\000e\000\040\000r\000e\000s\000u\000l\000t\000s}{section.9}% 47
\BOOKMARK [1][-]{section.10}{\376\377\000D\000i\000s\000c\000u\000s\000s\000i\000o\000n}{}% 48
\BOOKMARK [2][-]{subsection.10.1}{\376\377\000W\000h\000a\000t\000\040\000t\000h\000e\000\040\000c\000o\000m\000p\000a\000r\000i\000s\000o\000n\000\040\000s\000h\000o\000w\000s}{section.10}% 49
\BOOKMARK [2][-]{subsection.10.2}{\376\377\000T\000r\000a\000d\000e\000-\000o\000f\000f\000s\000\040\000e\000x\000i\000s\000t\000\040\000o\000n\000l\000y\000\040\000u\000n\000d\000e\000r\000\040\000c\000a\000l\000i\000b\000r\000a\000t\000e\000d\000\040\000s\000c\000a\000r\000c\000i\000t\000y}{section.10}% 50
\BOOKMARK [2][-]{subsection.10.3}{\376\377\000T\000h\000e\000\040\000a\000s\000s\000u\000m\000p\000t\000i\000o\000n\000s\000\040\000d\000o\000m\000i\000n\000a\000t\000e\000\040\000a\000g\000g\000r\000e\000s\000s\000i\000v\000e\000\040\000s\000c\000e\000n\000a\000r\000i\000o\000s}{section.10}% 51
\BOOKMARK [2][-]{subsection.10.4}{\376\377\000T\000h\000r\000e\000a\000t\000s\000\040\000t\000o\000\040\000v\000a\000l\000i\000d\000i\000t\000y}{section.10}% 52
\BOOKMARK [2][-]{subsection.10.5}{\376\377\000L\000i\000m\000i\000t\000s\000\040\000o\000f\000\040\000t\000h\000e\000\040\000p\000a\000r\000a\000d\000i\000g\000m}{section.10}% 53
\BOOKMARK [1][-]{section.11}{\376\377\000C\000o\000n\000c\000l\000u\000s\000i\000o\000n\000s}{}% 54
\BOOKMARK [1][-]{section.12}{\376\377\000R\000e\000p\000r\000o\000d\000u\000c\000i\000b\000i\000l\000i\000t\000y}{}% 55
\BOOKMARK [1][-]{appendix.A}{\376\377\000I\000m\000p\000l\000e\000m\000e\000n\000t\000a\000t\000i\000o\000n\000\040\000A\000l\000g\000o\000r\000i\000t\000h\000m\000s}{}% 56
